<?xml version="1.0" encoding="UTF-8"?>
<!-- Generated by org.testng.reporters.JUnitXMLReporter -->
<testsuite ignored="0" hostname="DESKTOP-Q4V0CNC" failures="0" tests="3" name="Default test" time="0.185" errors="0" timestamp="2025-02-08T22:27:01 IST">
  <testcase classname="day42.TestngFirst" name="openapp" time="0.017"/>
  <testcase classname="day42.TestngFirst" name="login" time="0.005"/>
  <testcase classname="day42.TestngFirst" name="logout" time="0.005"/>
</testsuite> <!-- Default test -->
