<?xml version="1.0" encoding="UTF-8"?>
<testng-results ignored="0" total="3" passed="3" failed="0" skipped="0">
  <reporter-output>
  </reporter-output>
  <suite started-at="2025-02-08T22:27:00 IST" name="Default suite" finished-at="2025-02-08T22:27:01 IST" duration-ms="185">
    <groups>
    </groups>
    <test started-at="2025-02-08T22:27:00 IST" name="Default test" finished-at="2025-02-08T22:27:01 IST" duration-ms="185">
      <class name="day42.TestngFirst">
        <test-method signature="openapp()[pri:1, instance:day42.TestngFirst@3427b02d]" started-at="2025-02-08T22:27:01 IST" name="openapp" finished-at="2025-02-08T22:27:01 IST" duration-ms="17" status="PASS">
          <reporter-output>
          </reporter-output>
        </test-method> <!-- openapp -->
        <test-method signature="login()[pri:2, instance:day42.TestngFirst@3427b02d]" started-at="2025-02-08T22:27:01 IST" name="login" finished-at="2025-02-08T22:27:01 IST" duration-ms="5" status="PASS">
          <reporter-output>
          </reporter-output>
        </test-method> <!-- login -->
        <test-method signature="logout()[pri:3, instance:day42.TestngFirst@3427b02d]" started-at="2025-02-08T22:27:01 IST" name="logout" finished-at="2025-02-08T22:27:01 IST" duration-ms="5" status="PASS">
          <reporter-output>
          </reporter-output>
        </test-method> <!-- logout -->
      </class> <!-- day42.TestngFirst -->
    </test> <!-- Default test -->
  </suite> <!-- Default suite -->
</testng-results>
